<?xml version="1.0" encoding="UTF-8"?>
<!-- Generated by org.testng.reporters.JUnitXMLReporter -->
<testsuite ignored="0" hostname="DESKTOP-DBL0MJR" failures="1" tests="5" name="Test" time="22.955" errors="0" timestamp="2019-11-03T19:37:43 IST">
  <testcase classname="testclass.loginTest" name="Blank_Submit_Login" time="1.047"/>
  <testcase classname="testclass.loginTest" name="Login_with_wrong_Email" time="0.905"/>
  <testcase classname="testclass.loginTest" name="Login_with_wrong_Password" time="0.843"/>
  <testcase classname="testclass.loginTest" name="Login_With_Valid_Credentials" time="4.887"/>
  <testcase classname="testclass.loginTest" name="GoToProfile" time="0.399">
    <failure type="org.openqa.selenium.ElementClickInterceptedException" message="element click intercepted: Element &amp;lt;img _ngcontent-c6=&amp;quot;&amp;quot; alt=&amp;quot;&amp;quot; src=&amp;quot;assets/images/avtar_3.jpg&amp;quot;&amp;gt; is not clickable at point (63, 67). Other element would receive the click: &amp;lt;div class=&amp;quot;introjs-overlay&amp;quot; style=&amp;quot;top: 0px; bottom: 0px; left: 0px; right: 0px; position: fixed; opacity: 0;&amp;quot;&amp;gt;&amp;lt;/div&amp;gt;
  (Session info: chrome=78.0.3904.70)
Build info: version: &amp;apos;3.141.59&amp;apos;, revision: &amp;apos;e82be7d358&amp;apos;, time: &amp;apos;2018-11-14T08:25:48&amp;apos;
System info: host: &amp;apos;DESKTOP-DBL0MJR&amp;apos;, ip: &amp;apos;192.168.43.227&amp;apos;, os.name: &amp;apos;Windows 10&amp;apos;, os.arch: &amp;apos;amd64&amp;apos;, os.version: &amp;apos;10.0&amp;apos;, java.version: &amp;apos;12.0.1&amp;apos;
Driver info: org.openqa.selenium.chrome.ChromeDriver
Capabilities {acceptInsecureCerts: false, browserName: chrome, browserVersion: 78.0.3904.70, chrome: {chromedriverVersion: 78.0.3904.70 (edb9c9f3de024..., userDataDir: C:\Users\BHOLAS~1\AppData\L...}, goog:chromeOptions: {debuggerAddress: localhost:52666}, javascriptEnabled: true, networkConnectionEnabled: false, pageLoadStrategy: normal, platform: XP, platformName: XP, proxy: Proxy(), setWindowRect: true, strictFileInteractability: false, timeouts: {implicit: 0, pageLoad: 300000, script: 30000}, unhandledPromptBehavior: dismiss and notify}
Session ID: 931df502fccc8d690eb369fd2f032ca8">
      <![CDATA[org.openqa.selenium.ElementClickInterceptedException: element click intercepted: Element <img _ngcontent-c6="" alt="" src="assets/images/avtar_3.jpg"> is not clickable at point (63, 67). Other element would receive the click: <div class="introjs-overlay" style="top: 0px; bottom: 0px; left: 0px; right: 0px; position: fixed; opacity: 0;"></div>
  (Session info: chrome=78.0.3904.70)
Build info: version: '3.141.59', revision: 'e82be7d358', time: '2018-11-14T08:25:48'
System info: host: 'DESKTOP-DBL0MJR', ip: '192.168.43.227', os.name: 'Windows 10', os.arch: 'amd64', os.version: '10.0', java.version: '12.0.1'
Driver info: org.openqa.selenium.chrome.ChromeDriver
Capabilities {acceptInsecureCerts: false, browserName: chrome, browserVersion: 78.0.3904.70, chrome: {chromedriverVersion: 78.0.3904.70 (edb9c9f3de024..., userDataDir: C:\Users\BHOLAS~1\AppData\L...}, goog:chromeOptions: {debuggerAddress: localhost:52666}, javascriptEnabled: true, networkConnectionEnabled: false, pageLoadStrategy: normal, platform: XP, platformName: XP, proxy: Proxy(), setWindowRect: true, strictFileInteractability: false, timeouts: {implicit: 0, pageLoad: 300000, script: 30000}, unhandledPromptBehavior: dismiss and notify}
Session ID: 931df502fccc8d690eb369fd2f032ca8
at org.openqa.selenium.remote.http.W3CHttpResponseCodec.createException(W3CHttpResponseCodec.java:187)
at org.openqa.selenium.remote.http.W3CHttpResponseCodec.decode(W3CHttpResponseCodec.java:122)
at org.openqa.selenium.remote.http.W3CHttpResponseCodec.decode(W3CHttpResponseCodec.java:49)
at org.openqa.selenium.remote.HttpCommandExecutor.execute(HttpCommandExecutor.java:158)
at org.openqa.selenium.remote.service.DriverCommandExecutor.execute(DriverCommandExecutor.java:83)
at org.openqa.selenium.remote.RemoteWebDriver.execute(RemoteWebDriver.java:552)
at org.openqa.selenium.remote.RemoteWebElement.execute(RemoteWebElement.java:285)
at org.openqa.selenium.remote.RemoteWebElement.click(RemoteWebElement.java:84)
at org.openqa.selenium.support.pagefactory.internal.LocatingElementHandler.invoke(LocatingElementHandler.java:51)
at com.sun.proxy.$Proxy10.click(Unknown Source)
at testCases.Login.Go_To_profile(Login.java:74)
at testclass.loginTest.GoToProfile(loginTest.java:49)
at java.base/java.util.ArrayList.forEach(ArrayList.java:1540)
... Removed 36 stack frames]]>
    </failure>
  </testcase> <!-- GoToProfile -->
</testsuite> <!-- Test -->
